<html>
<body>
<pre>
<h1>Vision Build Log</h1>
<h2>Tool Versions:</h2>
IDE-Version: μVision V5.39.0.0
Copyright (C) 2023 ARM Ltd and ARM Germany GmbH. All rights reserved.
License Information: 张 超峰, Huawei, LIC=9WSKC-7UL4P-TGI7T-RNRKX-JPC1T-NWZ3Q
 
Tool Versions:
Toolchain:       MDK-ARM Plus  Version: 5.39.0.0
Toolchain Path:  D:\Application\Keil\ARM\ARMCLANG\Bin
C Compiler:      ArmClang.exe V6.21
Assembler:       Armasm.exe V6.21
Linker/Locator:  ArmLink.exe V6.21
Library Manager: ArmAr.exe V6.21
Hex Converter:   FromElf.exe V6.21
CPU DLL:         SARMCM3.DLL V5.39.0.0
Dialog DLL:      DCM.DLL V1.17.5.0
Target DLL:      STLink\ST-LINKIII-KEIL_SWO.dll V3.2.0.0
Dialog DLL:      TCM.DLL V1.56.4.0
 
<h2>Project:</h2>
D:\Stm32Project\Aproject\project.uvprojx
Project File Date:  04/02/2024

<h2>Output:</h2>
*** Using Compiler 'V6.21', folder: 'D:\Application\Keil\ARM\ARMCLANG\Bin'
Build target 'Target 1'
assembling startup_stm32f10x_md.s...
Start/core_cm3.c(445): error: non-ASM statement in naked function is not supported
  445 |   uint32_t result=0;
      |   ^
Start/core_cm3.c(442): note: attribute is here
  442 | uint32_t __get_PSP(void) __attribute__( ( naked ) );
      |                                           ^
Start/core_cm3.c(465): error: parameter references not allowed in naked functions
  465 |                   "BX  lr     \n\t" : : "r" (topOfProcStack) );
      |                                              ^
Start/core_cm3.c(461): note: attribute is here
  461 | void __set_PSP(uint32_t topOfProcStack) __attribute__( ( naked ) );
      |                                                          ^
Start/core_cm3.c(479): error: non-ASM statement in naked function is not supported
  479 |   uint32_t result=0;
      |   ^
Start/core_cm3.c(476): note: attribute is here
  476 | uint32_t __get_MSP(void) __attribute__( ( naked ) );
      |                                           ^
Start/core_cm3.c(499): error: parameter references not allowed in naked functions
  499 |                   "BX  lr     \n\t" : : "r" (topOfMainStack) );
      |                                              ^
Start/core_cm3.c(495): note: attribute is here
  495 | void __set_MSP(uint32_t topOfMainStack) __attribute__( ( naked ) );
      |                                                          ^
4 errors generated.
compiling core_cm3.c...
compiling system_stm32f10x.c...
compiling stm32f10x_crc.c...
compiling stm32f10x_bkp.c...
compiling stm32f10x_exti.c...
compiling stm32f10x_adc.c...
compiling stm32f10x_dma.c...
compiling stm32f10x_dbgmcu.c...
compiling misc.c...
compiling stm32f10x_cec.c...
compiling stm32f10x_dac.c...
compiling stm32f10x_fsmc.c...
compiling stm32f10x_can.c...
compiling stm32f10x_gpio.c...
compiling stm32f10x_flash.c...
compiling stm32f10x_iwdg.c...
compiling stm32f10x_pwr.c...
compiling stm32f10x_rtc.c...
compiling stm32f10x_i2c.c...
compiling stm32f10x_sdio.c...
compiling stm32f10x_rcc.c...
compiling stm32f10x_spi.c...
ArmClang: error: no such file or directory: '../Stm32F103c8t6<D7><CA><C1><CF>/<B3><CC><D0><F2>源<C2><EB>/<B3><CC><D0><F2>源<C2><EB>/STM32Project-<D3><D0>注<CA>桶<E6>/1-3 Delay<BA><AF><CA><FD>模<BF><E9>/Delay.c'
ArmClang: error: no input files
compiling Delay.c...
Hardware/LED.c(13): error: too few arguments to function call, expected 2, have 0
   13 |         GPIO_SetBits();
      |         ~~~~~~~~~~~~ ^
./Library\stm32f10x_gpio.h(357): note: 'GPIO_SetBits' declared here
  357 | void GPIO_SetBits(GPIO_TypeDef* GPIOx, uint16_t GPIO_Pin);
      |      ^            ~~~~~~~~~~~~~~~~~~~~~~~~~~~~~~~~~~~~~~
1 error generated.
compiling LED.c...
compiling stm32f10x_wwdg.c...
compiling stm32f10x_usart.c...
compiling main.c...
compiling stm32f10x_it.c...
compiling stm32f10x_tim.c...
compiling OLED.c...
".\aproject.axf" - 7 Error(s), 0 Warning(s).

<h2>Software Packages used:</h2>

Package Vendor: Keil
                https://www.keil.com/pack/Keil.STM32F1xx_DFP.2.4.1.pack
                Keil::STM32F1xx_DFP@2.4.1
                STMicroelectronics STM32F1 Series Device Support, Drivers and Examples

<h2>Collection of Component include folders:</h2>
  D:/Application/Keil/Packs/Keil/STM32F1xx_DFP/2.4.1/Device/Include

<h2>Collection of Component Files used:</h2>
Target not created.
Build Time Elapsed:  00:00:02
</pre>
</body>
</html>
